20130420123924->101010->INFO->----------------------------------------------------------------
20130420123924->101010->INFO->Runner Server Initialization Starts
20130420123929->101010->INFO->AdbBackend Established and Connected. 
20130420123937->101010->INFO->Device Added, Manufacturer:HTC, Type:T328W, Network:UNI, ADB Name:HC29GPG09471
20130420123937->101010->INFO->Runner Server Initialization Completed.
20130420123937->101010->INFO->----------------------------------------------------------------
20130420123947->101010->INFO->Test:101010HTCT328WUNI with priority1 starts. HTCT328WUNI device suspended.
20130420123947->101010->INFO->Test:101010HTCT328WUNI with priority1 added. 
20130420123947->101010->INFO->Test:101010HTCT328WUNI with priority5 added. 
20130420123947->101010->INFO->Test:101010HTCT328WUNI with priority6 added. 
20130420123959->101010->INFO->APP install successfully:c:/Android/mytools/renren.apk
20130420124001->101010->INFO->Test install successfully:c:/Android/mytools/RenrenTestProject1.apk
20130420124043->101010->INFO->Test Instrumentation finished
20130420124043->101010->INFO->
com.renren.mobile.android.test.TestApk:...
Test results for InstrumentationTestRunner=...
Time: 34.441

OK (3 tests)



20130420124043->101010->INFO->Tcpdump has been killed.
20130420124043->101010->INFO->Pull Screenshots Successfully.
20130420124046->101010->INFO->Remove APP package successfully.
20130420124047->101010->INFO->Remove Test package successfully.
20130420124047->101010->INFO->Test:101010HTCT328WUNI with priority1 ends. HTCT328WUNI device released.
20130420124047->101010->INFO->Test:101010HTCT328WUNI with priority6 starts. HTCT328WUNI device suspended.
20130420124058->101010->INFO->APP install successfully:c:/Android/mytools/renren.apk
20130420124100->101010->INFO->Test install successfully:c:/Android/mytools/RenrenTestProject1.apk
20130420124141->101010->INFO->Test Instrumentation finished
20130420124141->101010->INFO->
com.renren.mobile.android.test.TestApk:...
Test results for InstrumentationTestRunner=...
Time: 33.131

OK (3 tests)



20130420124141->101010->INFO->Tcpdump has been killed.
20130420124141->101010->INFO->Pull Screenshots Successfully.
20130420124144->101010->INFO->Remove APP package successfully.
20130420124145->101010->INFO->Remove Test package successfully.
20130420124145->101010->INFO->Test:101010HTCT328WUNI with priority6 ends. HTCT328WUNI device released.
20130420124145->101010->INFO->Test:101010HTCT328WUNI with priority5 starts. HTCT328WUNI device suspended.
20130420124157->101010->INFO->APP install successfully:c:/Android/mytools/renren.apk
20130420124159->101010->INFO->Test install successfully:c:/Android/mytools/RenrenTestProject1.apk
20130420124241->101010->INFO->Test Instrumentation finished
20130420124241->101010->INFO->
com.renren.mobile.android.test.TestApk:...
Test results for InstrumentationTestRunner=...
Time: 35.059

OK (3 tests)



20130420124241->101010->INFO->Tcpdump has been killed.
20130420124242->101010->INFO->Pull Screenshots Successfully.
20130420124244->101010->INFO->Remove APP package successfully.
20130420124246->101010->INFO->Remove Test package successfully.
20130420124246->101010->INFO->Test:101010HTCT328WUNI with priority5 ends. HTCT328WUNI device released.
